Using pre-set license
Built from '2021.1/release' branch; Version is '2021.1.0f1 (61a549675243) revision 6399305'; Using compiler version '192528614'; Build Type 'Release'
OS: 'Windows 10 Home; OS build 19042.985; Version 2009; 64bit' Language: 'en' Physical Memory: 12139 MB
BatchMode: 1, IsHumanControllingUs: 0, StartBugReporterOnCrash: 0, Is64bit: 1, IsPro: 0

 COMMAND LINE ARGUMENTS:
C:\Program Files\Unity\Hub\Editor\2021.1.0f1\Editor\Unity.exe
-adb2
-batchMode
-noUpm
-name
AssetImportWorker0
-projectPath
D:/UnityProjects/CodelessGame
-logFile
Logs/AssetImportWorker0.log
-srvPort
59361
Successfully changed project path to: D:/UnityProjects/CodelessGame
D:/UnityProjects/CodelessGame
Using Asset Import Pipeline V2.
Refreshing native plugins compatible for Editor in 69.40 ms, found 1 plugins.
Preloading 0 native plugins for Editor in 0.00 ms.
Initialize engine version: 2021.1.0f1 (61a549675243)
[Subsystems] Discovering subsystems at path C:/Program Files/Unity/Hub/Editor/2021.1.0f1/Editor/Data/Resources/UnitySubsystems
[Subsystems] Discovering subsystems at path D:/UnityProjects/CodelessGame/Assets
GfxDevice: creating device client; threaded=0; jobified=0
Direct3D:
    Version:  Direct3D 11.0 [level 11.1]
    Renderer: Intel(R) UHD Graphics 620 (ID=0x3ea0)
    Vendor:   Intel
    VRAM:     6069 MB
    Driver:   27.20.100.8681
Initialize mono
Mono path[0] = 'C:/Program Files/Unity/Hub/Editor/2021.1.0f1/Editor/Data/Managed'
Mono path[1] = 'C:/Program Files/Unity/Hub/Editor/2021.1.0f1/Editor/Data/MonoBleedingEdge/lib/mono/unityjit'
Mono config path = 'C:/Program Files/Unity/Hub/Editor/2021.1.0f1/Editor/Data/MonoBleedingEdge/etc'
Using monoOptions --debugger-agent=transport=dt_socket,embedding=1,server=y,suspend=n,address=127.0.0.1:56980
Begin MonoManager ReloadAssembly
Registering precompiled unity dll's ...
Register platform support module: C:/Program Files/Unity/Hub/Editor/2021.1.0f1/Editor/Data/PlaybackEngines/WindowsStandaloneSupport/UnityEditor.WindowsStandalone.Extensions.dll
Registered in 0.001477 seconds.
Native extension for WindowsStandalone target not found
Refreshing native plugins compatible for Editor in 72.19 ms, found 1 plugins.
Preloading 0 native plugins for Editor in 0.00 ms.
Mono: successfully reloaded assembly
- Completed reload, in  1.431 seconds
Platform modules already initialized, skipping
Registering precompiled user dll's ...
Registered in 0.001769 seconds.
Begin MonoManager ReloadAssembly
Native extension for WindowsStandalone target not found
Refreshing native plugins compatible for Editor in 0.52 ms, found 1 plugins.
Preloading 0 native plugins for Editor in 0.00 ms.
Mono: successfully reloaded assembly
- Completed reload, in  0.845 seconds
Platform modules already initialized, skipping
========================================================================
Worker process is ready to serve import requests
Launched and connected shader compiler UnityShaderCompiler.exe after 0.04 seconds
Refreshing native plugins compatible for Editor in 0.47 ms, found 1 plugins.
Preloading 0 native plugins for Editor in 0.00 ms.
Unloading 2667 Unused Serialized files (Serialized files now loaded: 0)
System memory in use before: 111.2 MB.
System memory in use after: 111.4 MB.

Unloading 15 unused Assets to reduce memory usage. Loaded Objects now: 3140.
Total: 2.665000 ms (FindLiveObjects: 0.247900 ms CreateObjectMapping: 0.098800 ms MarkObjects: 2.208800 ms  DeleteObjects: 0.108700 ms)

========================================================================
Received Import Request.
  path: Assets/AlignedGames/Polygonal Foliage Asset Package/Art/Textures/atlass_1_diffuse.png
  artifactKey: Guid(bb8118f34410a604dbf31c021fae3009) Importer(815301076,1909f56bfc062723c751e8b465ee728b)
Start importing Assets/AlignedGames/Polygonal Foliage Asset Package/Art/Textures/atlass_1_diffuse.png using Guid(bb8118f34410a604dbf31c021fae3009) Importer(815301076,1909f56bfc062723c751e8b465ee728b)  -> (artifact id: '4c1dac52a777a189bb501bb5d5f16184') in 0.080625 seconds 
========================================================================
Received Import Request.
  Time since last request: 4.633317 seconds.
  path: Assets/AlignedGames/Polygonal Foliage Asset Package/Art/Materials/atlass_1_1.mat
  artifactKey: Guid(85e89f3b829c70a4a85a798f89bd18ed) Importer(815301076,1909f56bfc062723c751e8b465ee728b)
Start importing Assets/AlignedGames/Polygonal Foliage Asset Package/Art/Materials/atlass_1_1.mat using Guid(85e89f3b829c70a4a85a798f89bd18ed) Importer(815301076,1909f56bfc062723c751e8b465ee728b)  -> (artifact id: 'ecbbb43dd493c420885a52ff10a01cfd') in 0.056230 seconds 
========================================================================
Received Import Request.
  Time since last request: 0.000359 seconds.
  path: Assets/AlignedGames/Polygonal Foliage Asset Package/Art/Materials/atlass_1_2.mat
  artifactKey: Guid(8e6f7b24df38b1c4db797b100135d36e) Importer(815301076,1909f56bfc062723c751e8b465ee728b)
Start importing Assets/AlignedGames/Polygonal Foliage Asset Package/Art/Materials/atlass_1_2.mat using Guid(8e6f7b24df38b1c4db797b100135d36e) Importer(815301076,1909f56bfc062723c751e8b465ee728b)  -> (artifact id: '04bca56829b498666761296bce8f0d50') in 0.022255 seconds 
========================================================================
Received Prepare
Refreshing native plugins compatible for Editor in 1.41 ms, found 1 plugins.
Preloading 0 native plugins for Editor in 0.00 ms.
Unloading 8 Unused Serialized files (Serialized files now loaded: 0)
System memory in use before: 62.3 MB.
System memory in use after: 62.5 MB.

Unloading 8 unused Assets to reduce memory usage. Loaded Objects now: 3183.
Total: 3.268300 ms (FindLiveObjects: 0.265500 ms CreateObjectMapping: 0.164200 ms MarkObjects: 2.773400 ms  DeleteObjects: 0.064000 ms)

========================================================================
Received Import Request.
  Time since last request: 224.952176 seconds.
  path: Assets/AlignedGames/Polygonal Foliage Asset Package/Art/Materials/atlass_1_2.mat
  artifactKey: Guid(8e6f7b24df38b1c4db797b100135d36e) Importer(815301076,1909f56bfc062723c751e8b465ee728b)
Start importing Assets/AlignedGames/Polygonal Foliage Asset Package/Art/Materials/atlass_1_2.mat using Guid(8e6f7b24df38b1c4db797b100135d36e) Importer(815301076,1909f56bfc062723c751e8b465ee728b)  -> (artifact id: 'a64eebf5d6e14bd1a100b43dc332eee7') in 0.014278 seconds 
========================================================================
Received Import Request.
  Time since last request: 0.000333 seconds.
  path: Assets/AlignedGames/Polygonal Foliage Asset Package/Art/Materials/atlass_1_1.mat
  artifactKey: Guid(85e89f3b829c70a4a85a798f89bd18ed) Importer(815301076,1909f56bfc062723c751e8b465ee728b)
Start importing Assets/AlignedGames/Polygonal Foliage Asset Package/Art/Materials/atlass_1_1.mat using Guid(85e89f3b829c70a4a85a798f89bd18ed) Importer(815301076,1909f56bfc062723c751e8b465ee728b)  -> (artifact id: 'f4c327f1b64b6c2d9b307c60923d8e8e') in 0.018574 seconds 
========================================================================
Received Prepare
Registering precompiled user dll's ...
Registered in 0.001709 seconds.
Begin MonoManager ReloadAssembly
Native extension for WindowsStandalone target not found
Refreshing native plugins compatible for Editor in 0.61 ms, found 1 plugins.
Preloading 0 native plugins for Editor in 0.00 ms.
Mono: successfully reloaded assembly
- Completed reload, in  0.806 seconds
Platform modules already initialized, skipping
Refreshing native plugins compatible for Editor in 0.55 ms, found 1 plugins.
Preloading 0 native plugins for Editor in 0.00 ms.
Unloading 2661 Unused Serialized files (Serialized files now loaded: 0)
System memory in use before: 115.4 MB.
System memory in use after: 115.6 MB.

Unloading 10 unused Assets to reduce memory usage. Loaded Objects now: 3200.
Total: 2.777600 ms (FindLiveObjects: 0.276800 ms CreateObjectMapping: 0.131700 ms MarkObjects: 2.301700 ms  DeleteObjects: 0.066500 ms)

========================================================================
Received Prepare
Registering precompiled user dll's ...
Registered in 0.001779 seconds.
Begin MonoManager ReloadAssembly
Native extension for WindowsStandalone target not found
Refreshing native plugins compatible for Editor in 0.50 ms, found 1 plugins.
Preloading 0 native plugins for Editor in 0.00 ms.
Mono: successfully reloaded assembly
- Completed reload, in  0.928 seconds
Platform modules already initialized, skipping
Refreshing native plugins compatible for Editor in 0.49 ms, found 1 plugins.
Preloading 0 native plugins for Editor in 0.00 ms.
Unloading 2660 Unused Serialized files (Serialized files now loaded: 0)
System memory in use before: 115.4 MB.
System memory in use after: 115.6 MB.

Unloading 10 unused Assets to reduce memory usage. Loaded Objects now: 3203.
Total: 2.272900 ms (FindLiveObjects: 0.236700 ms CreateObjectMapping: 0.126900 ms MarkObjects: 1.833000 ms  DeleteObjects: 0.075400 ms)

========================================================================
Received Import Request.
  Time since last request: 359.326130 seconds.
  path: Assets/AlignedGames/Polygonal Foliage Asset Package/Art/Models/Rocks/Rock18/rock_18.fbx
  artifactKey: Guid(385e49cd155c8d947ae5eaec63d7f50d) Importer(815301076,1909f56bfc062723c751e8b465ee728b)
Start importing Assets/AlignedGames/Polygonal Foliage Asset Package/Art/Models/Rocks/Rock18/rock_18.fbx using Guid(385e49cd155c8d947ae5eaec63d7f50d) Importer(815301076,1909f56bfc062723c751e8b465ee728b)  -> (artifact id: 'f7605233e6bff94498ea14c963d004ed') in 0.096788 seconds 
========================================================================
Received Import Request.
  Time since last request: 0.726740 seconds.
  path: Assets/AlignedGames/Polygonal Foliage Asset Package/Art/Models/Bushes/Bush1/bush_1.fbx
  artifactKey: Guid(c79853d1a22a5cb49b15a3715056104d) Importer(815301076,1909f56bfc062723c751e8b465ee728b)
Start importing Assets/AlignedGames/Polygonal Foliage Asset Package/Art/Models/Bushes/Bush1/bush_1.fbx using Guid(c79853d1a22a5cb49b15a3715056104d) Importer(815301076,1909f56bfc062723c751e8b465ee728b)  -> (artifact id: '752dc67c71c78ccbbb7b4a8606ebce5d') in 0.020844 seconds 
========================================================================
Received Import Request.
  Time since last request: 0.000328 seconds.
  path: Assets/AlignedGames/Polygonal Foliage Asset Package/Art/Models/Bushes/Bush4/bush_4.fbx
  artifactKey: Guid(b80e7a855f4247c4fa4e1f15509a76b6) Importer(815301076,1909f56bfc062723c751e8b465ee728b)
Start importing Assets/AlignedGames/Polygonal Foliage Asset Package/Art/Models/Bushes/Bush4/bush_4.fbx using Guid(b80e7a855f4247c4fa4e1f15509a76b6) Importer(815301076,1909f56bfc062723c751e8b465ee728b)  -> (artifact id: 'e237201c6831ed6c4bbe45dedad195cc') in 0.019744 seconds 
========================================================================
Received Import Request.
  Time since last request: 0.000532 seconds.
  path: Assets/AlignedGames/Polygonal Foliage Asset Package/Art/Models/Debris/Debris1/debris_1.fbx
  artifactKey: Guid(8a1f621c8a48cc743943e75a8ca0e01a) Importer(815301076,1909f56bfc062723c751e8b465ee728b)
Start importing Assets/AlignedGames/Polygonal Foliage Asset Package/Art/Models/Debris/Debris1/debris_1.fbx using Guid(8a1f621c8a48cc743943e75a8ca0e01a) Importer(815301076,1909f56bfc062723c751e8b465ee728b)  -> (artifact id: '0f5a70c3458be05e108c8b66cd8a1e7b') in 0.020554 seconds 
========================================================================
Received Import Request.
  Time since last request: 0.000315 seconds.
  path: Assets/AlignedGames/Polygonal Foliage Asset Package/Art/Models/Logs/Log4/log_4.fbx
  artifactKey: Guid(5e98a6bb7f0bd2a4295e2f82afab9335) Importer(815301076,1909f56bfc062723c751e8b465ee728b)
Start importing Assets/AlignedGames/Polygonal Foliage Asset Package/Art/Models/Logs/Log4/log_4.fbx using Guid(5e98a6bb7f0bd2a4295e2f82afab9335) Importer(815301076,1909f56bfc062723c751e8b465ee728b)  -> (artifact id: '366671cab42ad6bdee4f39286c87ae01') in 0.024985 seconds 
========================================================================
Received Import Request.
  Time since last request: 0.000363 seconds.
  path: Assets/AlignedGames/Polygonal Foliage Asset Package/Art/Models/Logs/Log2/log_2.fbx
  artifactKey: Guid(2d08b57623f3a104498ad09cfcc53f71) Importer(815301076,1909f56bfc062723c751e8b465ee728b)
Start importing Assets/AlignedGames/Polygonal Foliage Asset Package/Art/Models/Logs/Log2/log_2.fbx using Guid(2d08b57623f3a104498ad09cfcc53f71) Importer(815301076,1909f56bfc062723c751e8b465ee728b)  -> (artifact id: '10ecc569803cf3e334b507a39869d49c') in 0.027303 seconds 
========================================================================
Received Import Request.
  Time since last request: 0.000289 seconds.
  path: Assets/AlignedGames/Polygonal Foliage Asset Package/Art/Models/Bushes/Bush10/bush_10.fbx
  artifactKey: Guid(56423057ff283874e9a1025c8de6179a) Importer(815301076,1909f56bfc062723c751e8b465ee728b)
Start importing Assets/AlignedGames/Polygonal Foliage Asset Package/Art/Models/Bushes/Bush10/bush_10.fbx using Guid(56423057ff283874e9a1025c8de6179a) Importer(815301076,1909f56bfc062723c751e8b465ee728b)  -> (artifact id: '4e31996edb764d86508ad3b5466e35eb') in 0.026595 seconds 
========================================================================
Received Import Request.
  Time since last request: 0.000301 seconds.
  path: Assets/AlignedGames/Polygonal Foliage Asset Package/Art/Models/Mushrooms/Mushroom1/mushroom_1.fbx
  artifactKey: Guid(c3285a9e799184c459de9ebc1b91df3f) Importer(815301076,1909f56bfc062723c751e8b465ee728b)
Start importing Assets/AlignedGames/Polygonal Foliage Asset Package/Art/Models/Mushrooms/Mushroom1/mushroom_1.fbx using Guid(c3285a9e799184c459de9ebc1b91df3f) Importer(815301076,1909f56bfc062723c751e8b465ee728b)  -> (artifact id: '84d589fadce8a0790cb551868fc1ecf7') in 0.018014 seconds 
========================================================================
Received Import Request.
  Time since last request: 0.000455 seconds.
  path: Assets/AlignedGames/Polygonal Foliage Asset Package/Art/Models/Cliffs/Cliff2/cliff_2.fbx
  artifactKey: Guid(c394a55e497a61f4cb10879c14d017e9) Importer(815301076,1909f56bfc062723c751e8b465ee728b)
Start importing Assets/AlignedGames/Polygonal Foliage Asset Package/Art/Models/Cliffs/Cliff2/cliff_2.fbx using Guid(c394a55e497a61f4cb10879c14d017e9) Importer(815301076,1909f56bfc062723c751e8b465ee728b)  -> (artifact id: '6ebfe2033072d7c686949a60446c80e1') in 0.017370 seconds 
========================================================================
Received Import Request.
  Time since last request: 0.000349 seconds.
  path: Assets/AlignedGames/Polygonal Foliage Asset Package/Art/Models/Bushes/Bush3/bush_3.fbx
  artifactKey: Guid(836b2fd6f6646fc47b105938f7f91f19) Importer(815301076,1909f56bfc062723c751e8b465ee728b)
Start importing Assets/AlignedGames/Polygonal Foliage Asset Package/Art/Models/Bushes/Bush3/bush_3.fbx using Guid(836b2fd6f6646fc47b105938f7f91f19) Importer(815301076,1909f56bfc062723c751e8b465ee728b)  -> (artifact id: '567cf1d6ee2148ff33790816512f0d2e') in 0.023357 seconds 
========================================================================
Received Import Request.
  Time since last request: 0.000453 seconds.
  path: Assets/AlignedGames/Polygonal Foliage Asset Package/Art/Models/Cliffs/Cliff5/cliff_5.fbx
  artifactKey: Guid(7aceb3c9ab19ab346aba6fc68fb3acd5) Importer(815301076,1909f56bfc062723c751e8b465ee728b)
Start importing Assets/AlignedGames/Polygonal Foliage Asset Package/Art/Models/Cliffs/Cliff5/cliff_5.fbx using Guid(7aceb3c9ab19ab346aba6fc68fb3acd5) Importer(815301076,1909f56bfc062723c751e8b465ee728b)  -> (artifact id: '27620c8b4f9d1fdf74bf315379b71af8') in 0.029598 seconds 
========================================================================
Received Import Request.
  Time since last request: 0.000294 seconds.
  path: Assets/AlignedGames/Polygonal Foliage Asset Package/Art/Models/Flowers/Flower2/flower_2.fbx
  artifactKey: Guid(dfa2172cca65f4947af0087afe9b5325) Importer(815301076,1909f56bfc062723c751e8b465ee728b)
Start importing Assets/AlignedGames/Polygonal Foliage Asset Package/Art/Models/Flowers/Flower2/flower_2.fbx using Guid(dfa2172cca65f4947af0087afe9b5325) Importer(815301076,1909f56bfc062723c751e8b465ee728b)  -> (artifact id: 'a1a4f5057eee4c22ad3f85ce86bb8013') in 0.032237 seconds 
========================================================================
Received Import Request.
  Time since last request: 0.000285 seconds.
  path: Assets/AlignedGames/Polygonal Foliage Asset Package/Art/Models/Mushrooms/Mushroom3/mushroom_3.fbx
  artifactKey: Guid(aab7aba04a6f55a428f96a2930fcc9b3) Importer(815301076,1909f56bfc062723c751e8b465ee728b)
Start importing Assets/AlignedGames/Polygonal Foliage Asset Package/Art/Models/Mushrooms/Mushroom3/mushroom_3.fbx using Guid(aab7aba04a6f55a428f96a2930fcc9b3) Importer(815301076,1909f56bfc062723c751e8b465ee728b)  -> (artifact id: '108cc8dc8a1ff5a0c59db93d29f288c1') in 0.027370 seconds 
========================================================================
Received Import Request.
  Time since last request: 0.000293 seconds.
  path: Assets/AlignedGames/Polygonal Foliage Asset Package/Art/Models/Logs/Log3/log_3.fbx
  artifactKey: Guid(e1196a40236a0f34580cf178529a4baa) Importer(815301076,1909f56bfc062723c751e8b465ee728b)
Start importing Assets/AlignedGames/Polygonal Foliage Asset Package/Art/Models/Logs/Log3/log_3.fbx using Guid(e1196a40236a0f34580cf178529a4baa) Importer(815301076,1909f56bfc062723c751e8b465ee728b)  -> (artifact id: 'e12d7971b0880f29332b1679bb335864') in 0.028753 seconds 
========================================================================
Received Import Request.
  Time since last request: 0.000252 seconds.
  path: Assets/AlignedGames/Polygonal Foliage Asset Package/Art/Models/Cliffs/Cliff3/cliff_3.fbx
  artifactKey: Guid(35bcdd19e8ab0154f8067cebde611a1f) Importer(815301076,1909f56bfc062723c751e8b465ee728b)
Start importing Assets/AlignedGames/Polygonal Foliage Asset Package/Art/Models/Cliffs/Cliff3/cliff_3.fbx using Guid(35bcdd19e8ab0154f8067cebde611a1f) Importer(815301076,1909f56bfc062723c751e8b465ee728b)  -> (artifact id: 'c719a68ef5c1e1e7c7888d1382b8651e') in 0.029766 seconds 
========================================================================
Received Import Request.
  Time since last request: 0.000286 seconds.
  path: Assets/AlignedGames/Polygonal Foliage Asset Package/Art/Models/Bushes/Bush7/bush_7.fbx
  artifactKey: Guid(ed9c125e67105a74e814dd5fa19b75e2) Importer(815301076,1909f56bfc062723c751e8b465ee728b)
Start importing Assets/AlignedGames/Polygonal Foliage Asset Package/Art/Models/Bushes/Bush7/bush_7.fbx using Guid(ed9c125e67105a74e814dd5fa19b75e2) Importer(815301076,1909f56bfc062723c751e8b465ee728b)  -> (artifact id: '083254260f6e182ecc97199ad669a9cf') in 0.031951 seconds 
========================================================================
Received Import Request.
  Time since last request: 0.000306 seconds.
  path: Assets/AlignedGames/Polygonal Foliage Asset Package/Art/Models/Logs/Log5/log_5.fbx
  artifactKey: Guid(787d8cf2854fc264d825a4e1fe281265) Importer(815301076,1909f56bfc062723c751e8b465ee728b)
Start importing Assets/AlignedGames/Polygonal Foliage Asset Package/Art/Models/Logs/Log5/log_5.fbx using Guid(787d8cf2854fc264d825a4e1fe281265) Importer(815301076,1909f56bfc062723c751e8b465ee728b)  -> (artifact id: '3000bb12476e1a982b63d3b3af8e19b1') in 0.027886 seconds 
========================================================================
Received Import Request.
  Time since last request: 0.000271 seconds.
  path: Assets/AlignedGames/Polygonal Foliage Asset Package/Art/Models/Bushes/Bush8/bush_8.fbx
  artifactKey: Guid(c023717c218ada148b43bd218b69a339) Importer(815301076,1909f56bfc062723c751e8b465ee728b)
Start importing Assets/AlignedGames/Polygonal Foliage Asset Package/Art/Models/Bushes/Bush8/bush_8.fbx using Guid(c023717c218ada148b43bd218b69a339) Importer(815301076,1909f56bfc062723c751e8b465ee728b)  -> (artifact id: '90590249ec179432c2e895a97cfbee28') in 0.029366 seconds 
========================================================================
Received Import Request.
  Time since last request: 0.000302 seconds.
  path: Assets/AlignedGames/Polygonal Foliage Asset Package/Art/Models/Grass/Grass1/grass_1.fbx
  artifactKey: Guid(fe1d8334175f01b4089c9b3479255200) Importer(815301076,1909f56bfc062723c751e8b465ee728b)
Start importing Assets/AlignedGames/Polygonal Foliage Asset Package/Art/Models/Grass/Grass1/grass_1.fbx using Guid(fe1d8334175f01b4089c9b3479255200) Importer(815301076,1909f56bfc062723c751e8b465ee728b)  -> (artifact id: 'ff09962cb78cb3b6344af5f184c3127f') in 0.030415 seconds 
========================================================================
Received Import Request.
  Time since last request: 0.000274 seconds.
  path: Assets/AlignedGames/Polygonal Foliage Asset Package/Art/Models/Flowers/Flower3/flower_3.fbx
  artifactKey: Guid(d5efecfa44f82914294db715c310317e) Importer(815301076,1909f56bfc062723c751e8b465ee728b)
Start importing Assets/AlignedGames/Polygonal Foliage Asset Package/Art/Models/Flowers/Flower3/flower_3.fbx using Guid(d5efecfa44f82914294db715c310317e) Importer(815301076,1909f56bfc062723c751e8b465ee728b)  -> (artifact id: '7827dfb489d85dbfd934df9c43ef01e7') in 0.018823 seconds 
========================================================================
Received Import Request.
  Time since last request: 0.000349 seconds.
  path: Assets/AlignedGames/Polygonal Foliage Asset Package/Art/Models/Debris/Debris2/debris_2.fbx
  artifactKey: Guid(1e4e0bd564760dd4da74df602ccf72d5) Importer(815301076,1909f56bfc062723c751e8b465ee728b)
Start importing Assets/AlignedGames/Polygonal Foliage Asset Package/Art/Models/Debris/Debris2/debris_2.fbx using Guid(1e4e0bd564760dd4da74df602ccf72d5) Importer(815301076,1909f56bfc062723c751e8b465ee728b)  -> (artifact id: 'e4fc6150e86909519b0781f17605dc5f') in 0.025706 seconds 
========================================================================
Received Import Request.
  Time since last request: 0.000271 seconds.
  path: Assets/AlignedGames/Polygonal Foliage Asset Package/Art/Models/BushSegment/Bush_Segment2/bush_segment_2.fbx
  artifactKey: Guid(a6045efc565f9d148b1c830b677421c8) Importer(815301076,1909f56bfc062723c751e8b465ee728b)
Start importing Assets/AlignedGames/Polygonal Foliage Asset Package/Art/Models/BushSegment/Bush_Segment2/bush_segment_2.fbx using Guid(a6045efc565f9d148b1c830b677421c8) Importer(815301076,1909f56bfc062723c751e8b465ee728b)  -> (artifact id: '3e48e2f0f3993c2a55bcd8b376d4719f') in 0.027068 seconds 
========================================================================
Received Import Request.
  Time since last request: 0.000276 seconds.
  path: Assets/AlignedGames/Polygonal Foliage Asset Package/Art/Models/Cliffs/Cliff4/cliff_4.fbx
  artifactKey: Guid(dd76b5e048f187f439b253fffba695c0) Importer(815301076,1909f56bfc062723c751e8b465ee728b)
Start importing Assets/AlignedGames/Polygonal Foliage Asset Package/Art/Models/Cliffs/Cliff4/cliff_4.fbx using Guid(dd76b5e048f187f439b253fffba695c0) Importer(815301076,1909f56bfc062723c751e8b465ee728b)  -> (artifact id: '99ae30f9fe4398c777ecbdc4186d260d') in 0.028602 seconds 
========================================================================
Received Import Request.
  Time since last request: 0.000281 seconds.
  path: Assets/AlignedGames/Polygonal Foliage Asset Package/Art/Models/Bushes/Bush5/bush_5.fbx
  artifactKey: Guid(a049d842effa0f54196f5cb776e4cc75) Importer(815301076,1909f56bfc062723c751e8b465ee728b)
Start importing Assets/AlignedGames/Polygonal Foliage Asset Package/Art/Models/Bushes/Bush5/bush_5.fbx using Guid(a049d842effa0f54196f5cb776e4cc75) Importer(815301076,1909f56bfc062723c751e8b465ee728b)  -> (artifact id: '5394c5a8751c9f723b5283fc12dc6e85') in 0.021291 seconds 
========================================================================
Received Import Request.
  Time since last request: 0.000310 seconds.
  path: Assets/AlignedGames/Polygonal Foliage Asset Package/Art/Models/Grass/Grass2/grass_2.fbx
  artifactKey: Guid(05083f8fdf6ccc144844440b95ef1597) Importer(815301076,1909f56bfc062723c751e8b465ee728b)
Start importing Assets/AlignedGames/Polygonal Foliage Asset Package/Art/Models/Grass/Grass2/grass_2.fbx using Guid(05083f8fdf6ccc144844440b95ef1597) Importer(815301076,1909f56bfc062723c751e8b465ee728b)  -> (artifact id: '27a355d40be003baa9934855a3f3304d') in 0.024546 seconds 
========================================================================
Received Import Request.
  Time since last request: 0.000295 seconds.
  path: Assets/AlignedGames/Polygonal Foliage Asset Package/Art/Models/Logs/Log1/log_1.fbx
  artifactKey: Guid(43720d3961a22e44d9fa37b32d2046dd) Importer(815301076,1909f56bfc062723c751e8b465ee728b)
Start importing Assets/AlignedGames/Polygonal Foliage Asset Package/Art/Models/Logs/Log1/log_1.fbx using Guid(43720d3961a22e44d9fa37b32d2046dd) Importer(815301076,1909f56bfc062723c751e8b465ee728b)  -> (artifact id: 'ba84f140baae2a0149112521889cab6a') in 0.027208 seconds 
========================================================================
Received Import Request.
  Time since last request: 0.000336 seconds.
  path: Assets/AlignedGames/Polygonal Foliage Asset Package/Art/Models/Bushes/Bush2/bush_2.fbx
  artifactKey: Guid(b6a12a94b078221458a7a86e0509a863) Importer(815301076,1909f56bfc062723c751e8b465ee728b)
Start importing Assets/AlignedGames/Polygonal Foliage Asset Package/Art/Models/Bushes/Bush2/bush_2.fbx using Guid(b6a12a94b078221458a7a86e0509a863) Importer(815301076,1909f56bfc062723c751e8b465ee728b)  -> (artifact id: '32358d70736449e65e6944a8b0788b48') in 0.022573 seconds 
========================================================================
Received Import Request.
  Time since last request: 0.000346 seconds.
  path: Assets/AlignedGames/Polygonal Foliage Asset Package/Art/Models/Bushes/Bush9/bush_9.fbx
  artifactKey: Guid(52718464a9aead341a730988b0780b03) Importer(815301076,1909f56bfc062723c751e8b465ee728b)
Start importing Assets/AlignedGames/Polygonal Foliage Asset Package/Art/Models/Bushes/Bush9/bush_9.fbx using Guid(52718464a9aead341a730988b0780b03) Importer(815301076,1909f56bfc062723c751e8b465ee728b)  -> (artifact id: 'd83f42e774f323fb0b18d0a9ccd60140') in 0.019814 seconds 
========================================================================
Received Import Request.
  Time since last request: 0.000392 seconds.
  path: Assets/AlignedGames/Polygonal Foliage Asset Package/Art/Models/Cliffs/Cliff8/cliff_8.fbx
  artifactKey: Guid(e5ed542d3b299d6499f264c450942120) Importer(815301076,1909f56bfc062723c751e8b465ee728b)
Start importing Assets/AlignedGames/Polygonal Foliage Asset Package/Art/Models/Cliffs/Cliff8/cliff_8.fbx using Guid(e5ed542d3b299d6499f264c450942120) Importer(815301076,1909f56bfc062723c751e8b465ee728b)  -> (artifact id: '1adb4a288e472125d7a02bace3f3468c') in 0.030193 seconds 
========================================================================
Received Import Request.
  Time since last request: 0.000377 seconds.
  path: Assets/AlignedGames/Polygonal Foliage Asset Package/Art/Models/Cliffs/Cliff7/cliff_7.fbx
  artifactKey: Guid(b73201a935129554e812ba5b69f10753) Importer(815301076,1909f56bfc062723c751e8b465ee728b)
Start importing Assets/AlignedGames/Polygonal Foliage Asset Package/Art/Models/Cliffs/Cliff7/cliff_7.fbx using Guid(b73201a935129554e812ba5b69f10753) Importer(815301076,1909f56bfc062723c751e8b465ee728b)  -> (artifact id: '5c739d5704ed526fee6986da6e1e6131') in 0.032104 seconds 
========================================================================
Received Import Request.
  Time since last request: 0.000366 seconds.
  path: Assets/AlignedGames/Polygonal Foliage Asset Package/Art/Models/Flowers/Flower2/flower_2.prefab
  artifactKey: Guid(42d1aa1e935099b44bbee795578466c2) Importer(815301076,1909f56bfc062723c751e8b465ee728b)
Start importing Assets/AlignedGames/Polygonal Foliage Asset Package/Art/Models/Flowers/Flower2/flower_2.prefab using Guid(42d1aa1e935099b44bbee795578466c2) Importer(815301076,1909f56bfc062723c751e8b465ee728b)  -> (artifact id: 'a5114a14f209e8df1e625e94dac2994c') in 0.013222 seconds 
========================================================================
Received Import Request.
  Time since last request: 0.000366 seconds.
  path: Assets/AlignedGames/Polygonal Foliage Asset Package/Art/Models/Cliffs/Cliff7/cliff_7.prefab
  artifactKey: Guid(f1787a2786c07b648a13ecb012ddc557) Importer(815301076,1909f56bfc062723c751e8b465ee728b)
Start importing Assets/AlignedGames/Polygonal Foliage Asset Package/Art/Models/Cliffs/Cliff7/cliff_7.prefab using Guid(f1787a2786c07b648a13ecb012ddc557) Importer(815301076,1909f56bfc062723c751e8b465ee728b)  -> (artifact id: '54c821e7073d9af61437c2c4456f99ce') in 0.012544 seconds 
========================================================================
Received Import Request.
  Time since last request: 0.000276 seconds.
  path: Assets/AlignedGames/Polygonal Foliage Asset Package/Art/Models/Flowers/Flower4/flower_4.prefab
  artifactKey: Guid(51276cc88102cf44781a6249ac17e3b7) Importer(815301076,1909f56bfc062723c751e8b465ee728b)
Start importing Assets/AlignedGames/Polygonal Foliage Asset Package/Art/Models/Flowers/Flower4/flower_4.prefab using Guid(51276cc88102cf44781a6249ac17e3b7) Importer(815301076,1909f56bfc062723c751e8b465ee728b)  -> (artifact id: 'a6ec2f4c33f739a7dbc17034835aa953') in 0.026494 seconds 
========================================================================
Received Import Request.
  Time since last request: 0.000328 seconds.
  path: Assets/AlignedGames/Polygonal Foliage Asset Package/Art/Models/Logs/Log5/log_5.prefab
  artifactKey: Guid(04ef88ae1975d5545a624c7ee5f226bd) Importer(815301076,1909f56bfc062723c751e8b465ee728b)
Start importing Assets/AlignedGames/Polygonal Foliage Asset Package/Art/Models/Logs/Log5/log_5.prefab using Guid(04ef88ae1975d5545a624c7ee5f226bd) Importer(815301076,1909f56bfc062723c751e8b465ee728b)  -> (artifact id: 'bb0d13548781089d009ef2ae11feb7f1') in 0.014114 seconds 
========================================================================
Received Import Request.
  Time since last request: 0.000530 seconds.
  path: Assets/AlignedGames/Polygonal Foliage Asset Package/Art/Models/Bushes/Bush8/bush_8.prefab
  artifactKey: Guid(9b49303c34b100f4f85015f960f99575) Importer(815301076,1909f56bfc062723c751e8b465ee728b)
Start importing Assets/AlignedGames/Polygonal Foliage Asset Package/Art/Models/Bushes/Bush8/bush_8.prefab using Guid(9b49303c34b100f4f85015f960f99575) Importer(815301076,1909f56bfc062723c751e8b465ee728b)  -> (artifact id: 'fa5e36ba5a500a84423c6bcb606005b0') in 0.018065 seconds 
========================================================================
Received Import Request.
  Time since last request: 0.000458 seconds.
  path: Assets/AlignedGames/Polygonal Foliage Asset Package/Art/Models/Cliffs/Cliff3/cliff_3.prefab
  artifactKey: Guid(a2071e3181f1c5f47b7acdff96e50f3a) Importer(815301076,1909f56bfc062723c751e8b465ee728b)
Start importing Assets/AlignedGames/Polygonal Foliage Asset Package/Art/Models/Cliffs/Cliff3/cliff_3.prefab using Guid(a2071e3181f1c5f47b7acdff96e50f3a) Importer(815301076,1909f56bfc062723c751e8b465ee728b)  -> (artifact id: '29d58fde59c0d90512659a3d9caa19c7') in 0.023612 seconds 
========================================================================
Received Import Request.
  Time since last request: 0.000343 seconds.
  path: Assets/AlignedGames/Polygonal Foliage Asset Package/Art/Models/Logs/Log4/log_4.prefab
  artifactKey: Guid(60c625b36fb3e2841a33f33b7ea8d474) Importer(815301076,1909f56bfc062723c751e8b465ee728b)
Start importing Assets/AlignedGames/Polygonal Foliage Asset Package/Art/Models/Logs/Log4/log_4.prefab using Guid(60c625b36fb3e2841a33f33b7ea8d474) Importer(815301076,1909f56bfc062723c751e8b465ee728b)  -> (artifact id: '83701e4885bf7b343b14392ff7aa8a7e') in 0.024106 seconds 
========================================================================
Received Import Request.
  Time since last request: 0.000306 seconds.
  path: Assets/AlignedGames/Polygonal Foliage Asset Package/Art/Models/Grass/Grass2/grass_2.prefab
  artifactKey: Guid(c49d07c7413b27948a36f11cb560c9fa) Importer(815301076,1909f56bfc062723c751e8b465ee728b)
Start importing Assets/AlignedGames/Polygonal Foliage Asset Package/Art/Models/Grass/Grass2/grass_2.prefab using Guid(c49d07c7413b27948a36f11cb560c9fa) Importer(815301076,1909f56bfc062723c751e8b465ee728b)  -> (artifact id: '8814d5b8b952e8cf94933d73d3c2a82b') in 0.012880 seconds 
========================================================================
Received Import Request.
  Time since last request: 0.000449 seconds.
  path: Assets/AlignedGames/Polygonal Foliage Asset Package/Art/Models/Bushes/Bush5/bush_5.prefab
  artifactKey: Guid(82c2d4b37a975874c91db31283fcf631) Importer(815301076,1909f56bfc062723c751e8b465ee728b)
Start importing Assets/AlignedGames/Polygonal Foliage Asset Package/Art/Models/Bushes/Bush5/bush_5.prefab using Guid(82c2d4b37a975874c91db31283fcf631) Importer(815301076,1909f56bfc062723c751e8b465ee728b)  -> (artifact id: 'd9d912862293b36e0bf1a93faad94663') in 0.014922 seconds 
========================================================================
Received Import Request.
  Time since last request: 0.000450 seconds.
  path: Assets/AlignedGames/Polygonal Foliage Asset Package/Art/Models/Cliffs/Cliff2/cliff_2.prefab
  artifactKey: Guid(726459f9041ad074592da564916bac1d) Importer(815301076,1909f56bfc062723c751e8b465ee728b)
Start importing Assets/AlignedGames/Polygonal Foliage Asset Package/Art/Models/Cliffs/Cliff2/cliff_2.prefab using Guid(726459f9041ad074592da564916bac1d) Importer(815301076,1909f56bfc062723c751e8b465ee728b)  -> (artifact id: 'd7d4ed270bcd622abdb99dc7c5ea4430') in 0.015081 seconds 
========================================================================
Received Import Request.
  Time since last request: 0.000455 seconds.
  path: Assets/AlignedGames/Polygonal Foliage Asset Package/Art/Models/Bushes/Bush1/bush_1.prefab
  artifactKey: Guid(0922ee3a38e19aa4ea103aefd1704e0d) Importer(815301076,1909f56bfc062723c751e8b465ee728b)
Start importing Assets/AlignedGames/Polygonal Foliage Asset Package/Art/Models/Bushes/Bush1/bush_1.prefab using Guid(0922ee3a38e19aa4ea103aefd1704e0d) Importer(815301076,1909f56bfc062723c751e8b465ee728b)  -> (artifact id: '7caa139f449157c5edd0ca3986417c43') in 0.010721 seconds 
========================================================================
Received Import Request.
  Time since last request: 0.000487 seconds.
  path: Assets/AlignedGames/Polygonal Foliage Asset Package/Art/Models/Mushrooms/Mushroom3/mushroom_3.prefab
  artifactKey: Guid(60535e025a23605438aaee6f4c4442e9) Importer(815301076,1909f56bfc062723c751e8b465ee728b)
Start importing Assets/AlignedGames/Polygonal Foliage Asset Package/Art/Models/Mushrooms/Mushroom3/mushroom_3.prefab using Guid(60535e025a23605438aaee6f4c4442e9) Importer(815301076,1909f56bfc062723c751e8b465ee728b)  -> (artifact id: '7b1901604452fda11ef7d19672a42772') in 0.015192 seconds 
========================================================================
Received Import Request.
  Time since last request: 0.000298 seconds.
  path: Assets/AlignedGames/Polygonal Foliage Asset Package/Art/Models/Bushes/Bush10/bush_10.prefab
  artifactKey: Guid(984ece9414221494797cd4c6333e6c4b) Importer(815301076,1909f56bfc062723c751e8b465ee728b)
Start importing Assets/AlignedGames/Polygonal Foliage Asset Package/Art/Models/Bushes/Bush10/bush_10.prefab using Guid(984ece9414221494797cd4c6333e6c4b) Importer(815301076,1909f56bfc062723c751e8b465ee728b)  -> (artifact id: '9c92b65809fe798b21cbf831c2479a66') in 0.016353 seconds 
========================================================================
Received Import Request.
  Time since last request: 0.000306 seconds.
  path: Assets/AlignedGames/Polygonal Foliage Asset Package/Art/Models/Bushes/Bush4/bush_4.prefab
  artifactKey: Guid(b00b4b56eca3251449675f6158e600cf) Importer(815301076,1909f56bfc062723c751e8b465ee728b)
Start importing Assets/AlignedGames/Polygonal Foliage Asset Package/Art/Models/Bushes/Bush4/bush_4.prefab using Guid(b00b4b56eca3251449675f6158e600cf) Importer(815301076,1909f56bfc062723c751e8b465ee728b)  -> (artifact id: '573d591ec1f698ca3aaae01980d8f4de') in 0.018630 seconds 
========================================================================
Received Import Request.
  Time since last request: 0.000280 seconds.
  path: Assets/AlignedGames/Polygonal Foliage Asset Package/Art/Models/Logs/Log1/log_1.prefab
  artifactKey: Guid(f538c1fe326dc0944b6e90efddf4ce63) Importer(815301076,1909f56bfc062723c751e8b465ee728b)
Start importing Assets/AlignedGames/Polygonal Foliage Asset Package/Art/Models/Logs/Log1/log_1.prefab using Guid(f538c1fe326dc0944b6e90efddf4ce63) Importer(815301076,1909f56bfc062723c751e8b465ee728b)  -> (artifact id: '5bb2f95b8c11dab0e02d349758bc07af') in 0.009921 seconds 
========================================================================
Received Import Request.
  Time since last request: 0.000520 seconds.
  path: Assets/AlignedGames/Polygonal Foliage Asset Package/Art/Models/Mushrooms/Mushroom1/mushroom_1.prefab
  artifactKey: Guid(5ddf778edb25e104c9b02819ac2335af) Importer(815301076,1909f56bfc062723c751e8b465ee728b)
Start importing Assets/AlignedGames/Polygonal Foliage Asset Package/Art/Models/Mushrooms/Mushroom1/mushroom_1.prefab using Guid(5ddf778edb25e104c9b02819ac2335af) Importer(815301076,1909f56bfc062723c751e8b465ee728b)  -> (artifact id: '2d557abdde3131e128e8b8b23b555a89') in 0.019257 seconds 
========================================================================
Received Import Request.
  Time since last request: 0.000287 seconds.
  path: Assets/AlignedGames/Polygonal Foliage Asset Package/Art/Models/Logs/Log3/log_3.prefab
  artifactKey: Guid(69f3ad0b61d07274f81df455ec10f815) Importer(815301076,1909f56bfc062723c751e8b465ee728b)
Start importing Assets/AlignedGames/Polygonal Foliage Asset Package/Art/Models/Logs/Log3/log_3.prefab using Guid(69f3ad0b61d07274f81df455ec10f815) Importer(815301076,1909f56bfc062723c751e8b465ee728b)  -> (artifact id: 'c09de411738a452c674c9c123bb2825d') in 0.014704 seconds 
========================================================================
Received Import Request.
  Time since last request: 0.000317 seconds.
  path: Assets/AlignedGames/Polygonal Foliage Asset Package/Art/Models/Cliffs/Cliff6/cliff_6.prefab
  artifactKey: Guid(3d1ec15ce64b8a84495024f8bfe71f94) Importer(815301076,1909f56bfc062723c751e8b465ee728b)
Start importing Assets/AlignedGames/Polygonal Foliage Asset Package/Art/Models/Cliffs/Cliff6/cliff_6.prefab using Guid(3d1ec15ce64b8a84495024f8bfe71f94) Importer(815301076,1909f56bfc062723c751e8b465ee728b)  -> (artifact id: '90e6d50039518269150091a69f9ce5c8') in 0.015469 seconds 
========================================================================
Received Import Request.
  Time since last request: 0.000341 seconds.
  path: Assets/AlignedGames/Polygonal Foliage Asset Package/Art/Models/Cliffs/Cliff4/cliff_4.prefab
  artifactKey: Guid(368393f9b1a9c7840ac8af597f29afdc) Importer(815301076,1909f56bfc062723c751e8b465ee728b)
Start importing Assets/AlignedGames/Polygonal Foliage Asset Package/Art/Models/Cliffs/Cliff4/cliff_4.prefab using Guid(368393f9b1a9c7840ac8af597f29afdc) Importer(815301076,1909f56bfc062723c751e8b465ee728b)  -> (artifact id: 'fa9e64723cc0d237eb0570f66a05ec19') in 0.012018 seconds 
========================================================================
Received Import Request.
  Time since last request: 0.000325 seconds.
  path: Assets/AlignedGames/Polygonal Foliage Asset Package/Art/Models/Bushes/Bush9/bush_9.prefab
  artifactKey: Guid(b5c18ee5848d90141bd7c3317eb042d9) Importer(815301076,1909f56bfc062723c751e8b465ee728b)
Start importing Assets/AlignedGames/Polygonal Foliage Asset Package/Art/Models/Bushes/Bush9/bush_9.prefab using Guid(b5c18ee5848d90141bd7c3317eb042d9) Importer(815301076,1909f56bfc062723c751e8b465ee728b)  -> (artifact id: 'd447568048313530178f61bbcf82036b') in 0.013803 seconds 
========================================================================
Received Import Request.
  Time since last request: 0.000461 seconds.
  path: Assets/AlignedGames/Polygonal Foliage Asset Package/Art/Models/Cliffs/Cliff1/cliff_1.fbx
  artifactKey: Guid(d14e9e1099a52d24e9717f38fc099bf3) Importer(815301076,1909f56bfc062723c751e8b465ee728b)
Start importing Assets/AlignedGames/Polygonal Foliage Asset Package/Art/Models/Cliffs/Cliff1/cliff_1.fbx using Guid(d14e9e1099a52d24e9717f38fc099bf3) Importer(815301076,1909f56bfc062723c751e8b465ee728b)  -> (artifact id: 'fbe2a7666a4002466857735e89986cc6') in 0.029648 seconds 
========================================================================
Received Import Request.
  Time since last request: 0.000303 seconds.
  path: Assets/AlignedGames/Polygonal Foliage Asset Package/Art/Models/Bushes/Bush2/bush_2.prefab
  artifactKey: Guid(58d18c950edc184449d1b850f5563780) Importer(815301076,1909f56bfc062723c751e8b465ee728b)
Start importing Assets/AlignedGames/Polygonal Foliage Asset Package/Art/Models/Bushes/Bush2/bush_2.prefab using Guid(58d18c950edc184449d1b850f5563780) Importer(815301076,1909f56bfc062723c751e8b465ee728b)  -> (artifact id: '92e64146ac3e7aa9a703a483e1e996ae') in 0.012108 seconds 
========================================================================
Received Import Request.
  Time since last request: 0.000302 seconds.
  path: Assets/AlignedGames/Polygonal Foliage Asset Package/Art/Models/Bushes/Bush7/bush_7.prefab
  artifactKey: Guid(3a6be94e17c68634b8cfffbb1b0cd7ce) Importer(815301076,1909f56bfc062723c751e8b465ee728b)
Start importing Assets/AlignedGames/Polygonal Foliage Asset Package/Art/Models/Bushes/Bush7/bush_7.prefab using Guid(3a6be94e17c68634b8cfffbb1b0cd7ce) Importer(815301076,1909f56bfc062723c751e8b465ee728b)  -> (artifact id: 'b6cfd053e66354a7364edf213a3890fe') in 0.015378 seconds 
========================================================================
Received Import Request.
  Time since last request: 0.000513 seconds.
  path: Assets/AlignedGames/Polygonal Foliage Asset Package/Art/Models/Logs/Log2/log_2.prefab
  artifactKey: Guid(7550bf33aa50e4f42acf121433c0e6f2) Importer(815301076,1909f56bfc062723c751e8b465ee728b)
Start importing Assets/AlignedGames/Polygonal Foliage Asset Package/Art/Models/Logs/Log2/log_2.prefab using Guid(7550bf33aa50e4f42acf121433c0e6f2) Importer(815301076,1909f56bfc062723c751e8b465ee728b)  -> (artifact id: '52f690ed89d0ce6cc9bf1d971e76ae9b') in 0.013964 seconds 
========================================================================
Received Import Request.
  Time since last request: 0.000252 seconds.
  path: Assets/AlignedGames/Polygonal Foliage Asset Package/Art/Models/Bushes/Bush6/bush_6.fbx
  artifactKey: Guid(9f99fffde8da15f488229ffa13e667a4) Importer(815301076,1909f56bfc062723c751e8b465ee728b)
Start importing Assets/AlignedGames/Polygonal Foliage Asset Package/Art/Models/Bushes/Bush6/bush_6.fbx using Guid(9f99fffde8da15f488229ffa13e667a4) Importer(815301076,1909f56bfc062723c751e8b465ee728b)  -> (artifact id: '0ea973572c7f10a26684e9d976992701') in 0.018794 seconds 
========================================================================
Received Import Request.
  Time since last request: 0.000408 seconds.
  path: Assets/AlignedGames/Polygonal Foliage Asset Package/Art/Models/Cliffs/Cliff6/cliff_6.fbx
  artifactKey: Guid(70b39351cb39b3e4d90763811fb26cd6) Importer(815301076,1909f56bfc062723c751e8b465ee728b)
Start importing Assets/AlignedGames/Polygonal Foliage Asset Package/Art/Models/Cliffs/Cliff6/cliff_6.fbx using Guid(70b39351cb39b3e4d90763811fb26cd6) Importer(815301076,1909f56bfc062723c751e8b465ee728b)  -> (artifact id: '8ee9bc00820ad36189b5eeb6360a6b2c') in 0.014763 seconds 
========================================================================
Received Import Request.
  Time since last request: 0.000457 seconds.
  path: Assets/AlignedGames/Polygonal Foliage Asset Package/Art/Models/BushSegment/BushSegment1/bush_segment_1.prefab
  artifactKey: Guid(d5d0e45cc5b809c43be9d981d0746d7b) Importer(815301076,1909f56bfc062723c751e8b465ee728b)
Start importing Assets/AlignedGames/Polygonal Foliage Asset Package/Art/Models/BushSegment/BushSegment1/bush_segment_1.prefab using Guid(d5d0e45cc5b809c43be9d981d0746d7b) Importer(815301076,1909f56bfc062723c751e8b465ee728b)  -> (artifact id: 'f4c6cc5187c98f0478a13e528bd785a4') in 0.020434 seconds 
========================================================================
Received Import Request.
  Time since last request: 0.000338 seconds.
  path: Assets/AlignedGames/Polygonal Foliage Asset Package/Art/Models/Debris/Debris4/debris_4.prefab
  artifactKey: Guid(f02ebb96638dd13428efbf6875a91bcd) Importer(815301076,1909f56bfc062723c751e8b465ee728b)
Start importing Assets/AlignedGames/Polygonal Foliage Asset Package/Art/Models/Debris/Debris4/debris_4.prefab using Guid(f02ebb96638dd13428efbf6875a91bcd) Importer(815301076,1909f56bfc062723c751e8b465ee728b)  -> (artifact id: 'ce545b7c016124d9c5a08c3980d9472a') in 0.016047 seconds 
========================================================================
Received Import Request.
  Time since last request: 0.000398 seconds.
  path: Assets/AlignedGames/Polygonal Foliage Asset Package/Art/Models/Cliffs/Cliff8/cliff_8.prefab
  artifactKey: Guid(4f5ccf949647d924ebe3c03ab559a42c) Importer(815301076,1909f56bfc062723c751e8b465ee728b)
Start importing Assets/AlignedGames/Polygonal Foliage Asset Package/Art/Models/Cliffs/Cliff8/cliff_8.prefab using Guid(4f5ccf949647d924ebe3c03ab559a42c) Importer(815301076,1909f56bfc062723c751e8b465ee728b)  -> (artifact id: '7423f8e506dba2a0ec973451940cbf85') in 0.014517 seconds 
========================================================================
Received Import Request.
  Time since last request: 0.000504 seconds.
  path: Assets/AlignedGames/Polygonal Foliage Asset Package/Art/Models/Cliffs/Cliff1/cliff_1.prefab
  artifactKey: Guid(578ec68902cb8ec49ba61bb7ad1af10a) Importer(815301076,1909f56bfc062723c751e8b465ee728b)
Start importing Assets/AlignedGames/Polygonal Foliage Asset Package/Art/Models/Cliffs/Cliff1/cliff_1.prefab using Guid(578ec68902cb8ec49ba61bb7ad1af10a) Importer(815301076,1909f56bfc062723c751e8b465ee728b)  -> (artifact id: '1f9af04bba3f8f056eca526195135b90') in 0.013593 seconds 
========================================================================
Received Import Request.
  Time since last request: 0.000474 seconds.
  path: Assets/AlignedGames/Polygonal Foliage Asset Package/Art/Models/Cliffs/Cliff9/cliff_9.prefab
  artifactKey: Guid(ba426b22dba6c974f908bed162f89279) Importer(815301076,1909f56bfc062723c751e8b465ee728b)
Start importing Assets/AlignedGames/Polygonal Foliage Asset Package/Art/Models/Cliffs/Cliff9/cliff_9.prefab using Guid(ba426b22dba6c974f908bed162f89279) Importer(815301076,1909f56bfc062723c751e8b465ee728b)  -> (artifact id: '5abbb6042fa6995da3b8989c95682275') in 0.015172 seconds 
========================================================================
Received Import Request.
  Time since last request: 0.000294 seconds.
  path: Assets/AlignedGames/Polygonal Foliage Asset Package/Art/Models/Debris/Debris1/debris_1.prefab
  artifactKey: Guid(5d788daea732b364bb3bc1330d4e792f) Importer(815301076,1909f56bfc062723c751e8b465ee728b)
Start importing Assets/AlignedGames/Polygonal Foliage Asset Package/Art/Models/Debris/Debris1/debris_1.prefab using Guid(5d788daea732b364bb3bc1330d4e792f) Importer(815301076,1909f56bfc062723c751e8b465ee728b)  -> (artifact id: '83abffb363223a5b138c0ff58372b07b') in 0.011385 seconds 
========================================================================
Received Import Request.
  Time since last request: 0.000341 seconds.
  path: Assets/AlignedGames/Polygonal Foliage Asset Package/Art/Models/Bushes/Bush6/bush_6.prefab
  artifactKey: Guid(c5a6c38dcf5f15d42bfa04a454f06484) Importer(815301076,1909f56bfc062723c751e8b465ee728b)
Start importing Assets/AlignedGames/Polygonal Foliage Asset Package/Art/Models/Bushes/Bush6/bush_6.prefab using Guid(c5a6c38dcf5f15d42bfa04a454f06484) Importer(815301076,1909f56bfc062723c751e8b465ee728b)  -> (artifact id: '38e29c3b8ffd8c7d0437906f5e80daa8') in 0.014372 seconds 
========================================================================
Received Import Request.
  Time since last request: 0.000428 seconds.
  path: Assets/AlignedGames/Polygonal Foliage Asset Package/Art/Models/Mushrooms/Mushroom2/mushroom_2.prefab
  artifactKey: Guid(495bd8bc2a3e4b6479e5259148ca640f) Importer(815301076,1909f56bfc062723c751e8b465ee728b)
Start importing Assets/AlignedGames/Polygonal Foliage Asset Package/Art/Models/Mushrooms/Mushroom2/mushroom_2.prefab using Guid(495bd8bc2a3e4b6479e5259148ca640f) Importer(815301076,1909f56bfc062723c751e8b465ee728b)  -> (artifact id: '2de012469235ae55cea7b4d71a567951') in 0.015161 seconds 
========================================================================
Received Import Request.
  Time since last request: 0.000306 seconds.
  path: Assets/AlignedGames/Polygonal Foliage Asset Package/Art/Models/BushSegment/BushSegment3/bush_segment_3.prefab
  artifactKey: Guid(8b11cf57cef3d7c4eab59a152d6c88ed) Importer(815301076,1909f56bfc062723c751e8b465ee728b)
Start importing Assets/AlignedGames/Polygonal Foliage Asset Package/Art/Models/BushSegment/BushSegment3/bush_segment_3.prefab using Guid(8b11cf57cef3d7c4eab59a152d6c88ed) Importer(815301076,1909f56bfc062723c751e8b465ee728b)  -> (artifact id: '4464b173242daf7324793def6b295593') in 0.014134 seconds 
========================================================================
Received Import Request.
  Time since last request: 0.000328 seconds.
  path: Assets/AlignedGames/Polygonal Foliage Asset Package/Art/Models/Cliffs/Cliff5/cliff_5.prefab
  artifactKey: Guid(a4a01195b684f3b4a82cbeda096d436f) Importer(815301076,1909f56bfc062723c751e8b465ee728b)
Start importing Assets/AlignedGames/Polygonal Foliage Asset Package/Art/Models/Cliffs/Cliff5/cliff_5.prefab using Guid(a4a01195b684f3b4a82cbeda096d436f) Importer(815301076,1909f56bfc062723c751e8b465ee728b)  -> (artifact id: 'e3cd0722039f21514bf52bbdb866c043') in 0.014595 seconds 
========================================================================
Received Import Request.
  Time since last request: 0.000415 seconds.
  path: Assets/AlignedGames/Polygonal Foliage Asset Package/Art/Models/Bushes/Bush3/bush_3.prefab
  artifactKey: Guid(f452cdb75db6e154a92b59d53ccebfd4) Importer(815301076,1909f56bfc062723c751e8b465ee728b)
Start importing Assets/AlignedGames/Polygonal Foliage Asset Package/Art/Models/Bushes/Bush3/bush_3.prefab using Guid(f452cdb75db6e154a92b59d53ccebfd4) Importer(815301076,1909f56bfc062723c751e8b465ee728b)  -> (artifact id: 'e1ada435bcf9805d9f34b1e2169bfe83') in 0.013179 seconds 
========================================================================
Received Import Request.
  Time since last request: 0.000461 seconds.
  path: Assets/AlignedGames/Polygonal Foliage Asset Package/Art/Models/BushSegment/Bush_Segment2/bush_segment_2.prefab
  artifactKey: Guid(41fc0c124ab3e524197d7d65009a3abe) Importer(815301076,1909f56bfc062723c751e8b465ee728b)
Start importing Assets/AlignedGames/Polygonal Foliage Asset Package/Art/Models/BushSegment/Bush_Segment2/bush_segment_2.prefab using Guid(41fc0c124ab3e524197d7d65009a3abe) Importer(815301076,1909f56bfc062723c751e8b465ee728b)  -> (artifact id: '91fb684d4c9e27103354b7bf234d73dd') in 0.015108 seconds 
========================================================================
Received Import Request.
  Time since last request: 0.000409 seconds.
  path: Assets/AlignedGames/Polygonal Foliage Asset Package/Art/Models/Cliffs/Cliff9/cliff_9.fbx
  artifactKey: Guid(b5193c4104a19964a88080b586933547) Importer(815301076,1909f56bfc062723c751e8b465ee728b)
Start importing Assets/AlignedGames/Polygonal Foliage Asset Package/Art/Models/Cliffs/Cliff9/cliff_9.fbx using Guid(b5193c4104a19964a88080b586933547) Importer(815301076,1909f56bfc062723c751e8b465ee728b)  -> (artifact id: '1a757951749662be34f45801d92bb7d1') in 0.029433 seconds 
========================================================================
Received Import Request.
  Time since last request: 0.000230 seconds.
  path: Assets/AlignedGames/Polygonal Foliage Asset Package/Art/Models/Grass/Grass1/grass_1.prefab
  artifactKey: Guid(9e8c3a7e58b8d4642bbf2694bf3a1c0a) Importer(815301076,1909f56bfc062723c751e8b465ee728b)
Start importing Assets/AlignedGames/Polygonal Foliage Asset Package/Art/Models/Grass/Grass1/grass_1.prefab using Guid(9e8c3a7e58b8d4642bbf2694bf3a1c0a) Importer(815301076,1909f56bfc062723c751e8b465ee728b)  -> (artifact id: 'b903a342d3aa9bace02335075f0c75b8') in 0.012501 seconds 
========================================================================
Received Import Request.
  Time since last request: 0.000556 seconds.
  path: Assets/AlignedGames/Polygonal Foliage Asset Package/Art/Models/Mushrooms/Mushroom2/mushroom_2.fbx
  artifactKey: Guid(0c08406cba5d90143a2cc369489b56af) Importer(815301076,1909f56bfc062723c751e8b465ee728b)
Start importing Assets/AlignedGames/Polygonal Foliage Asset Package/Art/Models/Mushrooms/Mushroom2/mushroom_2.fbx using Guid(0c08406cba5d90143a2cc369489b56af) Importer(815301076,1909f56bfc062723c751e8b465ee728b)  -> (artifact id: '744e75efc5e1d8bd862f3955adc0c80b') in 0.029528 seconds 
========================================================================
Received Import Request.
  Time since last request: 0.000236 seconds.
  path: Assets/AlignedGames/Polygonal Foliage Asset Package/Art/Models/Flowers/Flower4/flower_4.fbx
  artifactKey: Guid(ab61831ab3976974ea0f0185449dfefa) Importer(815301076,1909f56bfc062723c751e8b465ee728b)
Start importing Assets/AlignedGames/Polygonal Foliage Asset Package/Art/Models/Flowers/Flower4/flower_4.fbx using Guid(ab61831ab3976974ea0f0185449dfefa) Importer(815301076,1909f56bfc062723c751e8b465ee728b)  -> (artifact id: '1fa099efffd8d27d56e5ef14357de607') in 0.015296 seconds 
========================================================================
Received Import Request.
  Time since last request: 0.000356 seconds.
  path: Assets/AlignedGames/Polygonal Foliage Asset Package/Art/Models/Debris/Debris4/debris_4.fbx
  artifactKey: Guid(2d534371cee744540a503b0c05f15c73) Importer(815301076,1909f56bfc062723c751e8b465ee728b)
Start importing Assets/AlignedGames/Polygonal Foliage Asset Package/Art/Models/Debris/Debris4/debris_4.fbx using Guid(2d534371cee744540a503b0c05f15c73) Importer(815301076,1909f56bfc062723c751e8b465ee728b)  -> (artifact id: 'dd5bee71d4adb81eb0eabe24c678d288') in 0.028313 seconds 
========================================================================
Received Import Request.
  Time since last request: 0.000283 seconds.
  path: Assets/AlignedGames/Polygonal Foliage Asset Package/Art/Models/Flowers/Flower3/flower_3.prefab
  artifactKey: Guid(7b08fe66855e56c4991a3055447b7355) Importer(815301076,1909f56bfc062723c751e8b465ee728b)
Start importing Assets/AlignedGames/Polygonal Foliage Asset Package/Art/Models/Flowers/Flower3/flower_3.prefab using Guid(7b08fe66855e56c4991a3055447b7355) Importer(815301076,1909f56bfc062723c751e8b465ee728b)  -> (artifact id: 'f95b60cd865b0c3f8ff43e690e8d9986') in 0.011589 seconds 
========================================================================
Received Import Request.
  Time since last request: 0.000355 seconds.
  path: Assets/AlignedGames/Polygonal Foliage Asset Package/Art/Models/Debris/Debris2/debris_2.prefab
  artifactKey: Guid(dd0f61a885c7eb349bebcfa27ef3d146) Importer(815301076,1909f56bfc062723c751e8b465ee728b)
Start importing Assets/AlignedGames/Polygonal Foliage Asset Package/Art/Models/Debris/Debris2/debris_2.prefab using Guid(dd0f61a885c7eb349bebcfa27ef3d146) Importer(815301076,1909f56bfc062723c751e8b465ee728b)  -> (artifact id: '629263df4c42c8abf2a84c1b76a6e0a2') in 0.015924 seconds 
========================================================================
Received Import Request.
  Time since last request: 0.000312 seconds.
  path: Assets/AlignedGames/Polygonal Foliage Asset Package/Art/Models/BushSegment/BushSegment1/bush_segment_1.fbx
  artifactKey: Guid(6e71488b17714744fbfee03f0de7e37c) Importer(815301076,1909f56bfc062723c751e8b465ee728b)
Start importing Assets/AlignedGames/Polygonal Foliage Asset Package/Art/Models/BushSegment/BushSegment1/bush_segment_1.fbx using Guid(6e71488b17714744fbfee03f0de7e37c) Importer(815301076,1909f56bfc062723c751e8b465ee728b)  -> (artifact id: '71ff97f53daa4c05546fe8f3d0941528') in 0.027509 seconds 
========================================================================
Received Import Request.
  Time since last request: 0.000273 seconds.
  path: Assets/AlignedGames/Polygonal Foliage Asset Package/Art/Models/BushSegment/BushSegment3/bush_segment_3.fbx
  artifactKey: Guid(dcc1aa9fe9e1cf04ca8dd7ca644aa764) Importer(815301076,1909f56bfc062723c751e8b465ee728b)
Start importing Assets/AlignedGames/Polygonal Foliage Asset Package/Art/Models/BushSegment/BushSegment3/bush_segment_3.fbx using Guid(dcc1aa9fe9e1cf04ca8dd7ca644aa764) Importer(815301076,1909f56bfc062723c751e8b465ee728b)  -> (artifact id: '42fe095b3956d77a5234ac00e026e337') in 0.016665 seconds 
========================================================================
Received Prepare
Registering precompiled user dll's ...
Registered in 0.001808 seconds.
Begin MonoManager ReloadAssembly
Native extension for WindowsStandalone target not found
Refreshing native plugins compatible for Editor in 0.55 ms, found 1 plugins.
Preloading 0 native plugins for Editor in 0.00 ms.
Mono: successfully reloaded assembly
- Completed reload, in  0.870 seconds
Platform modules already initialized, skipping
Refreshing native plugins compatible for Editor in 0.55 ms, found 1 plugins.
Preloading 0 native plugins for Editor in 0.00 ms.
Unloading 2660 Unused Serialized files (Serialized files now loaded: 0)
System memory in use before: 115.8 MB.
System memory in use after: 116.0 MB.

Unloading 11 unused Assets to reduce memory usage. Loaded Objects now: 3210.
Total: 2.571700 ms (FindLiveObjects: 0.292400 ms CreateObjectMapping: 0.169200 ms MarkObjects: 2.044200 ms  DeleteObjects: 0.065100 ms)

========================================================================
Received Import Request.
  Time since last request: 101.416806 seconds.
  path: Assets/Scenes/Scene Difficulty High.unity
  artifactKey: Guid(ea3c8f16f949d574589c9d6ed16e503e) Importer(815301076,1909f56bfc062723c751e8b465ee728b)
Start importing Assets/Scenes/Scene Difficulty High.unity using Guid(ea3c8f16f949d574589c9d6ed16e503e) Importer(815301076,1909f56bfc062723c751e8b465ee728b)  -> (artifact id: '6440e895466f119a2d4697953c789eb4') in 0.014579 seconds 
========================================================================
Received Prepare
Registering precompiled user dll's ...
Registered in 0.001920 seconds.
Begin MonoManager ReloadAssembly
Native extension for WindowsStandalone target not found
Refreshing native plugins compatible for Editor in 0.58 ms, found 1 plugins.
Preloading 0 native plugins for Editor in 0.00 ms.
Mono: successfully reloaded assembly
- Completed reload, in  0.905 seconds
Platform modules already initialized, skipping
Refreshing native plugins compatible for Editor in 0.56 ms, found 1 plugins.
Preloading 0 native plugins for Editor in 0.00 ms.
Unloading 2660 Unused Serialized files (Serialized files now loaded: 0)
System memory in use before: 115.8 MB.
System memory in use after: 116.0 MB.

Unloading 10 unused Assets to reduce memory usage. Loaded Objects now: 3213.
Total: 2.925300 ms (FindLiveObjects: 0.352100 ms CreateObjectMapping: 0.101700 ms MarkObjects: 2.406600 ms  DeleteObjects: 0.063400 ms)

AssetImportWorkerClient::OnTransportError - code=2 error=End of file
